;  LST file generated by mikroListExporter - v.2.0 
; Date/Time: 14.04.2020 23:22:31
;----------------------------------------------

;Address Opcode 	ASM
0x0000	0x282C      	GOTO       44
_interrupt:
0x0004	0x00FF      	MOVWF      R15
0x0005	0x0E03      	SWAPF      STATUS, 0
0x0006	0x0183      	CLRF       STATUS
0x0007	0x00A2      	MOVWF      ___saveSTATUS
0x0008	0x080A      	MOVF       PCLATH, 0
0x0009	0x00A3      	MOVWF      ___savePCLATH
0x000A	0x018A      	CLRF       PCLATH
;Ders #5.c,1 :: 		void interrupt()
;Ders #5.c,3 :: 		if(intcon.intf == 1)
0x000B	0x1C8B      	BTFSS      INTCON, 1
0x000C	0x2812      	GOTO       L_interrupt0
;Ders #5.c,5 :: 		intcon.gie = 0;
0x000D	0x138B      	BCF        INTCON, 7
;Ders #5.c,6 :: 		portb.rb1 = ~portb.rb1;
0x000E	0x3002      	MOVLW      2
0x000F	0x0686      	XORWF      PORTB, 1
;Ders #5.c,7 :: 		intcon.intf = 0;
0x0010	0x108B      	BCF        INTCON, 1
;Ders #5.c,8 :: 		intcon.inte = 1;
0x0011	0x160B      	BSF        INTCON, 4
;Ders #5.c,9 :: 		}
L_interrupt0:
;Ders #5.c,10 :: 		}
L_end_interrupt:
L__interrupt4:
0x0012	0x0823      	MOVF       ___savePCLATH, 0
0x0013	0x008A      	MOVWF      PCLATH
0x0014	0x0E22      	SWAPF      ___saveSTATUS, 0
0x0015	0x0083      	MOVWF      STATUS
0x0016	0x0EFF      	SWAPF      R15, 1
0x0017	0x0E7F      	SWAPF      R15, 0
0x0018	0x0009      	RETFIE
; end of _interrupt
_____DoICP:
;__Lib_System.c,6 :: 		
;__Lib_System.c,9 :: 		
0x0019	0x1283      	BCF        STATUS, 5
0x001A	0x1303      	BCF        STATUS, 6
0x001B	0x0821      	MOVF       ___DoICPAddr+1, 0
0x001C	0x008A      	MOVWF      PCLATH
;__Lib_System.c,10 :: 		
0x001D	0x0820      	MOVF       ___DoICPAddr, 0
0x001E	0x0082      	MOVWF      PCL
;__Lib_System.c,12 :: 		
L_end_____DoICP:
0x001F	0x0008      	RETURN
; end of _____DoICP
___CC2DW:
;__Lib_System.c,24 :: 		
;__Lib_System.c,27 :: 		
_CC2D_Loop1:
;__Lib_System.c,29 :: 		
0x0020	0x2019      	CALL       _____DoICP
0x0021	0x118A      	BCF        PCLATH, 3
0x0022	0x120A      	BCF        PCLATH, 4
;__Lib_System.c,31 :: 		
0x0023	0x0080      	MOVWF      INDF
;__Lib_System.c,32 :: 		
0x0024	0x0A84      	INCF       FSR, 1
;__Lib_System.c,33 :: 		
0x0025	0x0AA0      	INCF       ___DoICPAddr, 1
;__Lib_System.c,35 :: 		
0x0026	0x1903      	BTFSC      STATUS, 2
;__Lib_System.c,36 :: 		
0x0027	0x0AA1      	INCF       ___DoICPAddr+1, 1
;__Lib_System.c,37 :: 		
0x0028	0x03F0      	DECF       R0, 1
;__Lib_System.c,39 :: 		
0x0029	0x1D03      	BTFSS      STATUS, 2
;__Lib_System.c,40 :: 		
0x002A	0x2820      	GOTO       _CC2D_Loop1
;__Lib_System.c,42 :: 		
L_end___CC2DW:
0x002B	0x0008      	RETURN
; end of ___CC2DW
_main:
;Ders #5.c,12 :: 		void main()
;Ders #5.c,14 :: 		trisb = 0x01; /*1. portu yani rb0 portunu giriþ olarak ayarladýk. Diðerlerini çýkýþ olarak ayarladýk.*/
0x002C	0x3001      	MOVLW      1
0x002D	0x1683      	BSF        STATUS, 5
0x002E	0x1303      	BCF        STATUS, 6
0x002F	0x0086      	MOVWF      TRISB
;Ders #5.c,15 :: 		portb.rb1 = 1; /*Portb.rb1 in deðerini lojik 0 yaptýk.*/
0x0030	0x1283      	BCF        STATUS, 5
0x0031	0x1486      	BSF        PORTB, 1
;Ders #5.c,16 :: 		intcon.intf = 0; /*rb0/int kesme bayraðý temizleniyor.*/
0x0032	0x108B      	BCF        INTCON, 1
;Ders #5.c,17 :: 		intcon.inte = 1; /*rb0/int kesme izin veriliyor.*/
0x0033	0x160B      	BSF        INTCON, 4
;Ders #5.c,18 :: 		intcon.gie = 1; /*Tüm kesme iþlemlerine izin veriliyor.*/
0x0034	0x178B      	BSF        INTCON, 7
;Ders #5.c,19 :: 		intcon.peie = 0; /*Çevre arabirimlerden kesmelere izin verilmiyor.*/
0x0035	0x130B      	BCF        INTCON, 6
;Ders #5.c,20 :: 		option_reg.intedg = 0; /*Yükselen kenarda kesme olacak. (1 ise yükselen kenarda 0 ise düþen kenarda)*/
0x0036	0x1683      	BSF        STATUS, 5
0x0037	0x1301      	BCF        OPTION_REG, 6
;Ders #5.c,21 :: 		while(1); /*Ýþemci sonsuz while ile bekletiliyor.*/
L_main1:
0x0038	0x2838      	GOTO       L_main1
;Ders #5.c,22 :: 		}
L_end_main:
0x0039	0x2839      	GOTO       $+0
; end of _main
Symbol List:
//** Routines locations **
//ADDRESS    SIZE    PROCEDURE
//----------------------------------------------
0x0004      [21]    _interrupt
0x0019       [7]    _____DoICP
0x0020      [12]    ___CC2DW
0x002C      [14]    _main
//** Variables locations ** 
//ADDRESS    SIZE    VARIABLE
//----------------------------------------------
0x0000       [1]    INDF
0x0002       [1]    PCL
0x0003       [1]    STATUS
0x0004       [1]    FSR
0x0005       [1]    PORTA
0x0006       [1]    PORTB
0x0007       [1]    PORTC
0x0008       [1]    PORTD
0x0009       [1]    PORTE
0x000A       [1]    PCLATH
0x000B       [1]    INTCON
0x000C       [1]    PIR1
0x000D       [1]    PIR2
0x0010       [1]    T1CON
0x0012       [1]    T2CON
0x0014       [1]    SSPCON
0x0017       [1]    CCP1CON
0x0018       [1]    RCSTA
0x001D       [1]    CCP2CON
0x001F       [1]    ADCON0
0x0020       [2]    ___DoICPAddr
0x0022       [1]    ___saveSTATUS
0x0023       [1]    ___savePCLATH
0x0070       [1]    R0
0x0071       [1]    R1
0x0072       [1]    R2
0x0073       [1]    R3
0x0074       [1]    R4
0x0075       [1]    R5
0x0076       [1]    R6
0x0077       [1]    R7
0x0078       [1]    R8
0x0079       [1]    R9
0x007A       [1]    R10
0x007B       [1]    R11
0x007C       [1]    R12
0x007D       [1]    R13
0x007E       [1]    R14
0x007F       [1]    R15
0x0081       [1]    OPTION_REG
0x0085       [1]    TRISA
0x0086       [1]    TRISB
0x0087       [1]    TRISC
0x0088       [1]    TRISD
0x0089       [1]    TRISE
0x008C       [1]    PIE1
0x008D       [1]    PIE2
0x008E       [1]    PCON
0x0091       [1]    SSPCON2
0x0094       [1]    SSPSTAT
0x0098       [1]    TXSTA
0x009C       [1]    CMCON
0x009D       [1]    CVRCON
0x009F       [1]    ADCON1
0x018C       [1]    EECON1
//** Label List: ** 
//----------------------------------------------
  L_interrupt0
  L_main1
  L_main2
  L_end_interrupt
  _interrupt
  L__interrupt4
  L_end_main
  _main
  L_end_P16F877A___?ag
  P16F877A____?ag
  _CC2D_Loop1
  L_end_____DoICP
  _____DoICP
  L_end_____DoIFC
  _____DoIFC
  L_end___CC2DW
  ___CC2DW
  L_end_Swap
  _Swap
  L_interrupt0
  L_main1
  L_main2
  L_end_interrupt
  _interrupt
  L__interrupt4
  L_end_main
  _main
