;  LST file generated by mikroListExporter - v.2.0 
; Date/Time: 22.05.2020 23:23:16
;----------------------------------------------

;Address Opcode 	ASM
0x0000	0x282D      	GOTO       45
_interrupt:
0x0004	0x00FF      	MOVWF      R15
0x0005	0x0E03      	SWAPF      STATUS, 0
0x0006	0x0183      	CLRF       STATUS
0x0007	0x00A3      	MOVWF      ___saveSTATUS
0x0008	0x080A      	MOVF       PCLATH, 0
0x0009	0x00A4      	MOVWF      ___savePCLATH
0x000A	0x018A      	CLRF       PCLATH
;Odev #6.c,5 :: 		void interrupt()
;Odev #6.c,7 :: 		if(pir1.tmr1if) /*timer kesmesi olmuþ ise*/
0x000B	0x1C0C      	BTFSS      PIR1, 0
0x000C	0x2813      	GOTO       L_interrupt0
;Odev #6.c,9 :: 		time++;
0x000D	0x0AA2      	INCF       _time, 1
;Odev #6.c,11 :: 		tmr1h = 0x9E;
0x000E	0x309E      	MOVLW      158
0x000F	0x008F      	MOVWF      TMR1H
;Odev #6.c,12 :: 		tmr1l = 0x58;
0x0010	0x3058      	MOVLW      88
0x0011	0x008E      	MOVWF      TMR1L
;Odev #6.c,13 :: 		pir1.tmr1if = 0; /*Kesme bayraðý temizleniyor.*/
0x0012	0x100C      	BCF        PIR1, 0
;Odev #6.c,14 :: 		}
L_interrupt0:
;Odev #6.c,15 :: 		}
L_end_interrupt:
L__interrupt12:
0x0013	0x0824      	MOVF       ___savePCLATH, 0
0x0014	0x008A      	MOVWF      PCLATH
0x0015	0x0E23      	SWAPF      ___saveSTATUS, 0
0x0016	0x0083      	MOVWF      STATUS
0x0017	0x0EFF      	SWAPF      R15, 1
0x0018	0x0E7F      	SWAPF      R15, 0
0x0019	0x0009      	RETFIE
; end of _interrupt
_____DoICP:
;__Lib_System.c,6 :: 		
;__Lib_System.c,9 :: 		
0x001A	0x1283      	BCF        STATUS, 5
0x001B	0x1303      	BCF        STATUS, 6
0x001C	0x0821      	MOVF       ___DoICPAddr+1, 0
0x001D	0x008A      	MOVWF      PCLATH
;__Lib_System.c,10 :: 		
0x001E	0x0820      	MOVF       ___DoICPAddr, 0
0x001F	0x0082      	MOVWF      PCL
;__Lib_System.c,12 :: 		
L_end_____DoICP:
0x0020	0x0008      	RETURN
; end of _____DoICP
___CC2DW:
;__Lib_System.c,24 :: 		
;__Lib_System.c,27 :: 		
_CC2D_Loop1:
;__Lib_System.c,29 :: 		
0x0021	0x201A      	CALL       _____DoICP
0x0022	0x118A      	BCF        PCLATH, 3
0x0023	0x120A      	BCF        PCLATH, 4
;__Lib_System.c,31 :: 		
0x0024	0x0080      	MOVWF      INDF
;__Lib_System.c,32 :: 		
0x0025	0x0A84      	INCF       FSR, 1
;__Lib_System.c,33 :: 		
0x0026	0x0AA0      	INCF       ___DoICPAddr, 1
;__Lib_System.c,35 :: 		
0x0027	0x1903      	BTFSC      STATUS, 2
;__Lib_System.c,36 :: 		
0x0028	0x0AA1      	INCF       ___DoICPAddr+1, 1
;__Lib_System.c,37 :: 		
0x0029	0x03F0      	DECF       R0, 1
;__Lib_System.c,39 :: 		
0x002A	0x1D03      	BTFSS      STATUS, 2
;__Lib_System.c,40 :: 		
0x002B	0x2821      	GOTO       _CC2D_Loop1
;__Lib_System.c,42 :: 		
L_end___CC2DW:
0x002C	0x0008      	RETURN
; end of ___CC2DW
_main:
;Odev #6.c,17 :: 		void main()
;Odev #6.c,20 :: 		time = trisb = portb = 0;
0x002D	0x1283      	BCF        STATUS, 5
0x002E	0x1303      	BCF        STATUS, 6
0x002F	0x0186      	CLRF       PORTB
0x0030	0x0806      	MOVF       PORTB, 0
0x0031	0x1683      	BSF        STATUS, 5
0x0032	0x0086      	MOVWF      TRISB
0x0033	0x0806      	MOVF       TRISB, 0
0x0034	0x1283      	BCF        STATUS, 5
0x0035	0x00A2      	MOVWF      _time
;Odev #6.c,22 :: 		tmr1h = 0x9E;
0x0036	0x309E      	MOVLW      158
0x0037	0x008F      	MOVWF      TMR1H
;Odev #6.c,23 :: 		tmr1l = 0x58;
0x0038	0x3058      	MOVLW      88
0x0039	0x008E      	MOVWF      TMR1L
;Odev #6.c,25 :: 		t1con.t1ckps1 = t1con.t1ckps0 = 1;
0x003A	0x1610      	BSF        T1CON, 4
0x003B	0x1A10      	BTFSC      T1CON, 4
0x003C	0x283F      	GOTO       L__main14
0x003D	0x1290      	BCF        T1CON, 5
0x003E	0x2840      	GOTO       L__main15
L__main14:
0x003F	0x1690      	BSF        T1CON, 5
L__main15:
;Odev #6.c,27 :: 		t1con.t1oscen = 0;
0x0040	0x1190      	BCF        T1CON, 3
;Odev #6.c,29 :: 		t1con.tmr1cs = 0;
0x0041	0x1090      	BCF        T1CON, 1
;Odev #6.c,31 :: 		t1con.tmr1on = 1;
0x0042	0x1410      	BSF        T1CON, 0
;Odev #6.c,33 :: 		intcon = 0xC0;
0x0043	0x30C0      	MOVLW      192
0x0044	0x008B      	MOVWF      INTCON
;Odev #6.c,35 :: 		pie1.tmr1ie = 1;
0x0045	0x1683      	BSF        STATUS, 5
0x0046	0x140C      	BSF        PIE1, 0
;Odev #6.c,36 :: 		pir1.tmr1if = 0;
0x0047	0x1283      	BCF        STATUS, 5
0x0048	0x100C      	BCF        PIR1, 0
;Odev #6.c,37 :: 		while(1)
L_main1:
;Odev #6.c,39 :: 		switch(time)
0x0049	0x2857      	GOTO       L_main3
;Odev #6.c,41 :: 		case 50:
L_main5:
;Odev #6.c,42 :: 		portb = 0x03; /*Saðdan ilk iki led*/
0x004A	0x3003      	MOVLW      3
0x004B	0x0086      	MOVWF      PORTB
;Odev #6.c,43 :: 		break;
0x004C	0x2867      	GOTO       L_main4
;Odev #6.c,44 :: 		case 100:
L_main6:
;Odev #6.c,45 :: 		portb = 0x0C; /*Saðdan ikinci iki led*/
0x004D	0x300C      	MOVLW      12
0x004E	0x0086      	MOVWF      PORTB
;Odev #6.c,46 :: 		break;
0x004F	0x2867      	GOTO       L_main4
;Odev #6.c,47 :: 		case 150:
L_main7:
;Odev #6.c,48 :: 		portb = 0x30; /*Saðdan üçüncü iki led*/
0x0050	0x3030      	MOVLW      48
0x0051	0x0086      	MOVWF      PORTB
;Odev #6.c,49 :: 		break;
0x0052	0x2867      	GOTO       L_main4
;Odev #6.c,50 :: 		case 200:
L_main8:
;Odev #6.c,51 :: 		portb = 0xC0; /*Saðdan dördüncü iki led*/
0x0053	0x30C0      	MOVLW      192
0x0054	0x0086      	MOVWF      PORTB
;Odev #6.c,52 :: 		time = 0;
0x0055	0x01A2      	CLRF       _time
;Odev #6.c,53 :: 		break;
0x0056	0x2867      	GOTO       L_main4
;Odev #6.c,54 :: 		}
L_main3:
0x0057	0x0822      	MOVF       _time, 0
0x0058	0x3A32      	XORLW      50
0x0059	0x1903      	BTFSC      STATUS, 2
0x005A	0x284A      	GOTO       L_main5
0x005B	0x0822      	MOVF       _time, 0
0x005C	0x3A64      	XORLW      100
0x005D	0x1903      	BTFSC      STATUS, 2
0x005E	0x284D      	GOTO       L_main6
0x005F	0x0822      	MOVF       _time, 0
0x0060	0x3A96      	XORLW      150
0x0061	0x1903      	BTFSC      STATUS, 2
0x0062	0x2850      	GOTO       L_main7
0x0063	0x0822      	MOVF       _time, 0
0x0064	0x3AC8      	XORLW      200
0x0065	0x1903      	BTFSC      STATUS, 2
0x0066	0x2853      	GOTO       L_main8
L_main4:
;Odev #6.c,55 :: 		}
0x0067	0x2849      	GOTO       L_main1
;Odev #6.c,57 :: 		}
L_end_main:
0x0068	0x2868      	GOTO       $+0
; end of _main
Symbol List:
//** Routines locations **
//ADDRESS    SIZE    PROCEDURE
//----------------------------------------------
0x0004      [22]    _interrupt
0x001A       [7]    _____DoICP
0x0021      [12]    ___CC2DW
0x002D      [60]    _main
//** Variables locations ** 
//ADDRESS    SIZE    VARIABLE
//----------------------------------------------
0x0000       [1]    INDF
0x0002       [1]    PCL
0x0003       [1]    STATUS
0x0004       [1]    FSR
0x0005       [1]    PORTA
0x0006       [1]    PORTB
0x0007       [1]    PORTC
0x0008       [1]    PORTD
0x0009       [1]    PORTE
0x000A       [1]    PCLATH
0x000B       [1]    INTCON
0x000C       [1]    PIR1
0x000D       [1]    PIR2
0x000E       [1]    TMR1L
0x000F       [1]    TMR1H
0x0010       [1]    T1CON
0x0012       [1]    T2CON
0x0014       [1]    SSPCON
0x0017       [1]    CCP1CON
0x0018       [1]    RCSTA
0x001D       [1]    CCP2CON
0x001F       [1]    ADCON0
0x0020       [2]    ___DoICPAddr
0x0022       [1]    _time
0x0023       [1]    ___saveSTATUS
0x0024       [1]    ___savePCLATH
0x0070       [1]    R0
0x0071       [1]    R1
0x0072       [1]    R2
0x0073       [1]    R3
0x0074       [1]    R4
0x0075       [1]    R5
0x0076       [1]    R6
0x0077       [1]    R7
0x0078       [1]    R8
0x0079       [1]    R9
0x007A       [1]    R10
0x007B       [1]    R11
0x007C       [1]    R12
0x007D       [1]    R13
0x007E       [1]    R14
0x007F       [1]    R15
0x0081       [1]    OPTION_REG
0x0085       [1]    TRISA
0x0086       [1]    TRISB
0x0087       [1]    TRISC
0x0088       [1]    TRISD
0x0089       [1]    TRISE
0x008C       [1]    PIE1
0x008D       [1]    PIE2
0x008E       [1]    PCON
0x0091       [1]    SSPCON2
0x0094       [1]    SSPSTAT
0x0098       [1]    TXSTA
0x009C       [1]    CMCON
0x009D       [1]    CVRCON
0x009F       [1]    ADCON1
0x018C       [1]    EECON1
//** Label List: ** 
//----------------------------------------------
  L_interrupt0
  L_main1
  L_main2
  L_main3
  L_main4
  L_main5
  L_main6
  L_main7
  L_main8
  L_main9
  L_main10
  L_end_interrupt
  _interrupt
  L__interrupt12
  L_end_main
  _main
  L__main14
  L__main15
  L_end_P16F877A___?ag
  P16F877A____?ag
  _CC2D_Loop1
  L_end_____DoICP
  _____DoICP
  L_end_____DoIFC
  _____DoIFC
  L_end___CC2DW
  ___CC2DW
  L_end_Swap
  _Swap
  L_interrupt0
  L_main1
  L_main2
  L_main3
  L_main4
  L_main5
  L_main6
  L_main7
  L_main8
  L_main9
  L_main10
  L_end_interrupt
  _interrupt
  L__interrupt12
  L_end_main
  _main
  L__main14
  L__main15
