;  LST file generated by mikroListExporter - v.2.0 
; Date/Time: 30.03.2020 21:53:01
;----------------------------------------------

;Address Opcode 	ASM
0x0000	0x284E      	GOTO       78
_Div_8x8_U:
;__Lib_Math.c,189 :: 		
;__Lib_Math.c,196 :: 		
0x0003	0x1283      	BCF        STATUS, 5
;__Lib_Math.c,197 :: 		
0x0004	0x1303      	BCF        STATUS, 6
;__Lib_Math.c,198 :: 		
0x0005	0x01F8      	CLRF       R8
;__Lib_Math.c,199 :: 		
0x0006	0x3008      	MOVLW      8
;__Lib_Math.c,200 :: 		
0x0007	0x00FC      	MOVWF      R12
;__Lib_Math.c,201 :: 		
0x0008	0x0D70      	RLF        R0, 0
;__Lib_Math.c,202 :: 		
0x0009	0x0DF8      	RLF        R8, 1
;__Lib_Math.c,203 :: 		
0x000A	0x0874      	MOVF       R4, 0
;__Lib_Math.c,204 :: 		
0x000B	0x02F8      	SUBWF      R8, 1
;__Lib_Math.c,205 :: 		
0x000C	0x1803      	BTFSC      STATUS, 0
;__Lib_Math.c,206 :: 		
0x000D	0x2810      	GOTO       $+3
;__Lib_Math.c,207 :: 		
0x000E	0x07F8      	ADDWF      R8, 1
;__Lib_Math.c,208 :: 		
0x000F	0x1003      	BCF        STATUS, 0
;__Lib_Math.c,209 :: 		
0x0010	0x0DF0      	RLF        R0, 1
;__Lib_Math.c,210 :: 		
0x0011	0x0BFC      	DECFSZ     R12, 1
;__Lib_Math.c,211 :: 		
0x0012	0x2808      	GOTO       $-10
;__Lib_Math.c,213 :: 		
L_end_Div_8x8_U:
0x0013	0x0008      	RETURN
; end of _Div_8x8_U
_____DoICP:
;__Lib_System.c,6 :: 		
;__Lib_System.c,9 :: 		
0x0014	0x1283      	BCF        STATUS, 5
0x0015	0x1303      	BCF        STATUS, 6
0x0016	0x0822      	MOVF       ___DoICPAddr+1, 0
0x0017	0x008A      	MOVWF      PCLATH
;__Lib_System.c,10 :: 		
0x0018	0x0821      	MOVF       ___DoICPAddr, 0
0x0019	0x0082      	MOVWF      PCL
;__Lib_System.c,12 :: 		
L_end_____DoICP:
0x001A	0x0008      	RETURN
; end of _____DoICP
___CC2DW:
;__Lib_System.c,24 :: 		
;__Lib_System.c,27 :: 		
_CC2D_Loop1:
;__Lib_System.c,29 :: 		
0x001B	0x2014      	CALL       _____DoICP
0x001C	0x118A      	BCF        PCLATH, 3
0x001D	0x120A      	BCF        PCLATH, 4
;__Lib_System.c,31 :: 		
0x001E	0x0080      	MOVWF      INDF
;__Lib_System.c,32 :: 		
0x001F	0x0A84      	INCF       FSR, 1
;__Lib_System.c,33 :: 		
0x0020	0x0AA1      	INCF       ___DoICPAddr, 1
;__Lib_System.c,35 :: 		
0x0021	0x1903      	BTFSC      STATUS, 2
;__Lib_System.c,36 :: 		
0x0022	0x0AA2      	INCF       ___DoICPAddr+1, 1
;__Lib_System.c,37 :: 		
0x0023	0x03F0      	DECF       R0, 1
;__Lib_System.c,39 :: 		
0x0024	0x1D03      	BTFSS      STATUS, 2
;__Lib_System.c,40 :: 		
0x0025	0x281B      	GOTO       _CC2D_Loop1
;__Lib_System.c,42 :: 		
L_end___CC2DW:
0x0026	0x0008      	RETURN
; end of ___CC2DW
_Dec2Bcd:
;__Lib_Conversions.c,304 :: 		
;__Lib_Conversions.c,305 :: 		
0x0027	0x1283      	BCF        STATUS, 5
0x0028	0x1303      	BCF        STATUS, 6
0x0029	0x01A4      	CLRF       Dec2Bcd_tmp_L0
;__Lib_Conversions.c,307 :: 		
0x002A	0x0823      	MOVF       FARG_Dec2Bcd_decnum, 0
0x002B	0x3C09      	SUBLW      9
0x002C	0x1803      	BTFSC      STATUS, 0
0x002D	0x2849      	GOTO       L_Dec2Bcd64
;__Lib_Conversions.c,308 :: 		
0x002E	0x300A      	MOVLW      10
0x002F	0x00F4      	MOVWF      R4
0x0030	0x0823      	MOVF       FARG_Dec2Bcd_decnum, 0
0x0031	0x00F0      	MOVWF      R0
0x0032	0x2003      	CALL       _Div_8x8_U
0x0033	0x0870      	MOVF       R0, 0
0x0034	0x00A4      	MOVWF      Dec2Bcd_tmp_L0
;__Lib_Conversions.c,309 :: 		
0x0035	0x0870      	MOVF       R0, 0
0x0036	0x00A4      	MOVWF      Dec2Bcd_tmp_L0
0x0037	0x0DA4      	RLF        Dec2Bcd_tmp_L0, 1
0x0038	0x1024      	BCF        Dec2Bcd_tmp_L0, 0
0x0039	0x0DA4      	RLF        Dec2Bcd_tmp_L0, 1
0x003A	0x1024      	BCF        Dec2Bcd_tmp_L0, 0
0x003B	0x0DA4      	RLF        Dec2Bcd_tmp_L0, 1
0x003C	0x1024      	BCF        Dec2Bcd_tmp_L0, 0
0x003D	0x0DA4      	RLF        Dec2Bcd_tmp_L0, 1
0x003E	0x1024      	BCF        Dec2Bcd_tmp_L0, 0
;__Lib_Conversions.c,310 :: 		
0x003F	0x300A      	MOVLW      10
0x0040	0x00F4      	MOVWF      R4
0x0041	0x0823      	MOVF       FARG_Dec2Bcd_decnum, 0
0x0042	0x00F0      	MOVWF      R0
0x0043	0x2003      	CALL       _Div_8x8_U
0x0044	0x0878      	MOVF       R8, 0
0x0045	0x00F0      	MOVWF      R0
0x0046	0x0870      	MOVF       R0, 0
0x0047	0x04A4      	IORWF      Dec2Bcd_tmp_L0, 1
;__Lib_Conversions.c,311 :: 		
0x0048	0x284B      	GOTO       L_Dec2Bcd65
L_Dec2Bcd64:
;__Lib_Conversions.c,312 :: 		
0x0049	0x0823      	MOVF       FARG_Dec2Bcd_decnum, 0
0x004A	0x00A4      	MOVWF      Dec2Bcd_tmp_L0
L_Dec2Bcd65:
;__Lib_Conversions.c,313 :: 		
0x004B	0x0824      	MOVF       Dec2Bcd_tmp_L0, 0
0x004C	0x00F0      	MOVWF      R0
;__Lib_Conversions.c,314 :: 		
L_end_Dec2Bcd:
0x004D	0x0008      	RETURN
; end of _Dec2Bcd
_main:
0x004E	0x1283      	BCF        STATUS, 5
0x004F	0x1303      	BCF        STATUS, 6
0x0050	0x01A0      	CLRF       _display
;Odev #3.c,6 :: 		void main()
;Odev #3.c,8 :: 		trisb = 0;
0x0051	0x1683      	BSF        STATUS, 5
0x0052	0x0186      	CLRF       TRISB
;Odev #3.c,9 :: 		portb = 0;
0x0053	0x1283      	BCF        STATUS, 5
0x0054	0x0186      	CLRF       PORTB
;Odev #3.c,10 :: 		trisc = 0x03;
0x0055	0x3003      	MOVLW      3
0x0056	0x1683      	BSF        STATUS, 5
0x0057	0x0087      	MOVWF      TRISC
;Odev #3.c,11 :: 		portc = 0;
0x0058	0x1283      	BCF        STATUS, 5
0x0059	0x0187      	CLRF       PORTC
;Odev #3.c,12 :: 		while(1)
L_main0:
;Odev #3.c,14 :: 		if(!arttir)
0x005A	0x1807      	BTFSC      PORTC, 0
0x005B	0x2860      	GOTO       L_main2
;Odev #3.c,16 :: 		display++;
0x005C	0x0AA0      	INCF       _display, 1
;Odev #3.c,17 :: 		while(!arttir);
L_main3:
0x005D	0x1807      	BTFSC      PORTC, 0
0x005E	0x2860      	GOTO       L_main4
0x005F	0x285D      	GOTO       L_main3
L_main4:
;Odev #3.c,18 :: 		}
L_main2:
;Odev #3.c,19 :: 		if(!azalt)
0x0060	0x1887      	BTFSC      PORTC, 1
0x0061	0x2866      	GOTO       L_main5
;Odev #3.c,21 :: 		display--;
0x0062	0x03A0      	DECF       _display, 1
;Odev #3.c,22 :: 		while(!azalt);
L_main6:
0x0063	0x1887      	BTFSC      PORTC, 1
0x0064	0x2866      	GOTO       L_main7
0x0065	0x2863      	GOTO       L_main6
L_main7:
;Odev #3.c,23 :: 		}
L_main5:
;Odev #3.c,24 :: 		if(display > 99)
0x0066	0x3080      	MOVLW      128
0x0067	0x3A63      	XORLW      99
0x0068	0x00F0      	MOVWF      R0
0x0069	0x3080      	MOVLW      128
0x006A	0x0620      	XORWF      _display, 0
0x006B	0x0270      	SUBWF      R0, 0
0x006C	0x1803      	BTFSC      STATUS, 0
0x006D	0x2870      	GOTO       L_main8
;Odev #3.c,25 :: 		display = 0;
0x006E	0x01A0      	CLRF       _display
0x006F	0x287A      	GOTO       L_main9
L_main8:
;Odev #3.c,26 :: 		else if(display < 0)
0x0070	0x3080      	MOVLW      128
0x0071	0x0620      	XORWF      _display, 0
0x0072	0x00F0      	MOVWF      R0
0x0073	0x3080      	MOVLW      128
0x0074	0x3A00      	XORLW      0
0x0075	0x0270      	SUBWF      R0, 0
0x0076	0x1803      	BTFSC      STATUS, 0
0x0077	0x287A      	GOTO       L_main10
;Odev #3.c,27 :: 		display = 99;
0x0078	0x3063      	MOVLW      99
0x0079	0x00A0      	MOVWF      _display
L_main10:
L_main9:
;Odev #3.c,28 :: 		portb = dec2bcd(display);
0x007A	0x0820      	MOVF       _display, 0
0x007B	0x00A3      	MOVWF      FARG_Dec2Bcd_decnum
0x007C	0x2027      	CALL       _Dec2Bcd
0x007D	0x0870      	MOVF       R0, 0
0x007E	0x0086      	MOVWF      PORTB
;Odev #3.c,29 :: 		}
0x007F	0x285A      	GOTO       L_main0
;Odev #3.c,30 :: 		}
L_end_main:
0x0080	0x2880      	GOTO       $+0
; end of _main
Symbol List:
//** Routines locations **
//ADDRESS    SIZE    PROCEDURE
//----------------------------------------------
0x0003      [17]    _Div_8x8_U
0x0014       [7]    _____DoICP
0x001B      [12]    ___CC2DW
0x0027      [39]    _Dec2Bcd
0x004E      [51]    _main
//** Variables locations ** 
//ADDRESS    SIZE    VARIABLE
//----------------------------------------------
0x0000       [1]    INDF
0x0002       [1]    PCL
0x0003       [1]    STATUS
0x0004       [1]    FSR
0x0005       [1]    PORTA
0x0006       [1]    PORTB
0x0007       [1]    PORTC
0x0008       [1]    PORTD
0x0009       [1]    PORTE
0x000A       [1]    PCLATH
0x000B       [1]    INTCON
0x000C       [1]    PIR1
0x000D       [1]    PIR2
0x0010       [1]    T1CON
0x0012       [1]    T2CON
0x0014       [1]    SSPCON
0x0017       [1]    CCP1CON
0x0018       [1]    RCSTA
0x001D       [1]    CCP2CON
0x001F       [1]    ADCON0
0x0020       [1]    _display
0x0021       [2]    ___DoICPAddr
0x0023       [1]    FARG_Dec2Bcd_decnum
0x0024       [1]    Dec2Bcd_tmp_L0
0x0070       [1]    R0
0x0071       [1]    R1
0x0072       [1]    R2
0x0073       [1]    R3
0x0074       [1]    R4
0x0075       [1]    R5
0x0076       [1]    R6
0x0077       [1]    R7
0x0078       [1]    R8
0x0079       [1]    R9
0x007A       [1]    R10
0x007B       [1]    R11
0x007C       [1]    R12
0x007D       [1]    R13
0x007E       [1]    R14
0x007F       [1]    R15
0x0081       [1]    OPTION_REG
0x0085       [1]    TRISA
0x0086       [1]    TRISB
0x0087       [1]    TRISC
0x0088       [1]    TRISD
0x0089       [1]    TRISE
0x008C       [1]    PIE1
0x008D       [1]    PIE2
0x008E       [1]    PCON
0x0091       [1]    SSPCON2
0x0094       [1]    SSPSTAT
0x0098       [1]    TXSTA
0x009C       [1]    CMCON
0x009D       [1]    CVRCON
0x009F       [1]    ADCON1
0x018C       [1]    EECON1
//** Label List: ** 
//----------------------------------------------
  L_main0
  L_main1
  L_main2
  L_main3
  L_main4
  L_main5
  L_main6
  L_main7
  L_main8
  L_main9
  L_main10
  L_end_main
  _main
  L_end_P16F877A___?ag
  P16F877A____?ag
  L_ByteToStr0
  L_ByteToStr1
  L_ByteToStr2
  L_ByteToStr3
  L_ByteToStr4
  L_ByteToStr5
  L_WordToStr6
  L_WordToStr7
  L_WordToStr8
  L_WordToStr9
  L_WordToStr10
  L_WordToStr11
  L_WordToStrWithZeros12
  L_WordToStrWithZeros13
  L_WordToStrWithZeros14
  L_WordToStrWithZeros15
  L_WordToStrWithZeros16
  L_ShortToStr17
  L_ShortToStr18
  L_ShortToStr19
  L_ShortToStr20
  L_ShortToStr21
  L_ShortToStr22
  L_IntToStr23
  L_IntToStr24
  L_IntToStr25
  L_IntToStr26
  L_IntToStr27
  L_IntToStr28
  L_IntToStrWithZeros29
  L_IntToStrWithZeros30
  L_IntToStrWithZeros31
  L_IntToStrWithZeros32
  L_IntToStrWithZeros33
  L_IntToStrWithZeros34
  L_IntToStrWithZeros35
  L_IntToStrWithZeros36
  L_IntToStrWithZeros37
  L_LongWordToStr38
  L_LongWordToStr39
  L_LongWordToStr40
  L_LongWordToStr41
  L_LongWordToStr42
  L_LongWordToStr43
  L_LongWordToStrWithZeros44
  L_LongWordToStrWithZeros45
  L_LongWordToStrWithZeros46
  L_LongWordToStrWithZeros47
  L_LongWordToStrWithZeros48
  L_LongToStr49
  L_LongToStr50
  L_LongToStr51
  L_LongToStr52
  L_LongToStr53
  L_LongToStr54
  L_LongIntToStrWithZeros55
  L_LongIntToStrWithZeros56
  L_LongIntToStrWithZeros57
  L_LongIntToStrWithZeros58
  L_LongIntToStrWithZeros59
  L_LongIntToStrWithZeros60
  L_LongIntToStrWithZeros61
  L_LongIntToStrWithZeros62
  L_LongIntToStrWithZeros63
  L_Dec2Bcd64
  L_Dec2Bcd65
  L_Rtrim66
  L_Rtrim67
  L_Rtrim68
  L_Rtrim69
  L_Ltrim70
  L_Ltrim71
  L_Ltrim72
  L_Ltrim73
  L_Ltrim74
  L_Ltrim75
  L_FloatToStr76
  L_FloatToStr77
  L_FloatToStr78
  L_FloatToStr79
  L_FloatToStr80
  L_FloatToStr81
  L_FloatToStr82
  L_FloatToStr83
  L_FloatToStr84
  L_FloatToStr85
  L_FloatToStr86
  L_FloatToStr87
  L_FloatToStr88
  L_FloatToStr89
  L_FloatToStr90
  L_FloatToStr91
  L_FloatToStr92
  L_FloatToStr93
  L_FloatToStr94
  L_FloatToStr95
  L_FloatToStr96
  L_FloatToStr97
  L__Rtrim98
  L__Ltrim99
  L__FloatToStr100
  L_end_ByteToHex
  _ByteToHex
  L_end_ShortToHex
  _ShortToHex
  L_end_WordToHex
  _WordToHex
  L_end_IntToHex
  _IntToHex
  L_end_LongWordToHex
  _LongWordToHex
  L_end_LongIntToHex
  _LongIntToHex
  L_end_ByteToStr
  _ByteToStr
  L_end_WordToStr
  _WordToStr
  L__WordToStr109
  L_end_WordToStrWithZeros
  _WordToStrWithZeros
  L__WordToStrWithZeros111
  L_end_ShortToStr
  _ShortToStr
  L__ShortToStr113
  L_end_IntToStr
  _IntToStr
  L__IntToStr115
  L__IntToStr116
  L_end_IntToStrWithZeros
  _IntToStrWithZeros
  L__IntToStrWithZeros118
  L__IntToStrWithZeros119
  L__IntToStrWithZeros120
  L_end_LongWordToStr
  _LongWordToStr
  L__LongWordToStr122
  L__LongWordToStr123
  L_end_LongWordToStrWithZeros
  _LongWordToStrWithZeros
  L__LongWordToStrWithZeros125
  L_end_LongToStr
  _LongToStr
  L__LongToStr127
  L__LongToStr128
  L_end_LongIntToStrWithZeros
  _LongIntToStrWithZeros
  L__LongIntToStrWithZeros130
  L__LongIntToStrWithZeros131
  L__LongIntToStrWithZeros132
  L_end_Dec2Bcd
  _Dec2Bcd
  L_end_Bcd2Dec
  _Bcd2Dec
  L_end_Bcd2Dec16
  _Bcd2Dec16
  L__Bcd2Dec16136
  L__Bcd2Dec16137
  L_end_Dec2Bcd16
  _Dec2Bcd16
  L__Dec2Bcd16139
  L__Dec2Bcd16140
  L_end_Rtrim
  _Rtrim
  L_end_Ltrim
  _Ltrim
  L_end_FloatToStr
  _FloatToStr
  L__FloatToStr144
  L__FloatToStr145
  L__FloatToStr146
  L__FloatToStr147
  L__FloatToStr148
  L_Div_16x16_S0
  L_Div_16x16_S1
  LOOPS3232A
  SADD22LA
  SOK22LA
  SADD22L8
  SOK22L8
  LOOPS3232B
  SADD22LB
  SOK22LB
  SADD22L16
  SOK22L16
  LOOPS3232C
  SADD22LC
  SOK22LC
  SADD22L24
  SOK22L24
  LOOPS3232D
  SADD22LD
  SOK22LD
  SOK22L
  L_Div_32x32_S6
  L_Div_32x32_S7
  L_Div_32x32_S8
  L_Div_32x32_S9
  FXD3232S
  END_ALL
  CA3232S
  C3232SX
  C3232SX1
  C3232S
  C3232S2
  C3232SX4
  C3232SOK
  C3232SX3
  C3232SX2
  avoid_comfrem
  LOOPU3232A
  UADD22LA
  UOK22LA
  UADD22L8
  UOK22L8
  LOOPU3232B
  UADD22LB
  UOK22LB
  UADD22L16
  UOK22L16
  LOOPU3232C
  UADD22LC
  UOK22LC
  UADD22L24
  UOK22L24
  LOOPU3232D
  UADD22LD
  UOK22LD
  UOK22L
  _NEXT
  _EXIT2
  _LOOP
  _EXIT1
  _IF_FIRST
  _IF_SECOND
  _INVERCE_FIRST
  _MULT
  _INBERSE_SECOND
  _EXIT
  L_end_Mul_8x8_U
  _Mul_8x8_U
  L_end_Mul_16x16_U
  _Mul_16x16_U
  L_end_Div_8x8_U
  _Div_8x8_U
  L_end_Div_16x16_U
  _Div_16x16_U
  L_end_Mul_8x8_S
  _Mul_8x8_S
  L_end_Mul_16x16_S
  _Mul_16x16_S
  L_end_Div_16x16_S_L
  _Div_16x16_S_L
  L_end_Div_16x16_S
  _Div_16x16_S
  L_end_Div_8x8_S
  _Div_8x8_S
  L_end_SDIV3232L
  _SDIV3232L
  L_end_COMFREM
  _COMFREM
  L_end_Div_32x32_S
  _Div_32x32_S
  L_end_Div_32x32_U
  _Div_32x32_U
  L_end_Mul_32x32_U
  _Mul_32x32_U
  L_end_Mul_32x32_S
  _Mul_32x32_S
  _CC2D_Loop1
  L_end_____DoICP
  _____DoICP
  L_end_____DoIFC
  _____DoIFC
  L_end___CC2DW
  ___CC2DW
  L_end_Swap
  _Swap
