;  LST file generated by mikroListExporter - v.2.0 
; Date/Time: 4.03.2020 15:27:00
;----------------------------------------------

;Address Opcode 	ASM
0x0000	0x2816      	GOTO       22
_____DoICP:
;__Lib_System.c,6 :: 		
;__Lib_System.c,9 :: 		
0x0003	0x1283      	BCF        STATUS, 5
0x0004	0x1303      	BCF        STATUS, 6
0x0005	0x0821      	MOVF       ___DoICPAddr+1, 0
0x0006	0x008A      	MOVWF      PCLATH
;__Lib_System.c,10 :: 		
0x0007	0x0820      	MOVF       ___DoICPAddr, 0
0x0008	0x0082      	MOVWF      PCL
;__Lib_System.c,12 :: 		
L_end_____DoICP:
0x0009	0x0008      	RETURN
; end of _____DoICP
___CC2DW:
;__Lib_System.c,24 :: 		
;__Lib_System.c,27 :: 		
_CC2D_Loop1:
;__Lib_System.c,29 :: 		
0x000A	0x2003      	CALL       _____DoICP
0x000B	0x118A      	BCF        PCLATH, 3
0x000C	0x120A      	BCF        PCLATH, 4
;__Lib_System.c,31 :: 		
0x000D	0x0080      	MOVWF      INDF
;__Lib_System.c,32 :: 		
0x000E	0x0A84      	INCF       FSR, 1
;__Lib_System.c,33 :: 		
0x000F	0x0AA0      	INCF       ___DoICPAddr, 1
;__Lib_System.c,35 :: 		
0x0010	0x1903      	BTFSC      STATUS, 2
;__Lib_System.c,36 :: 		
0x0011	0x0AA1      	INCF       ___DoICPAddr+1, 1
;__Lib_System.c,37 :: 		
0x0012	0x03F0      	DECF       R0, 1
;__Lib_System.c,39 :: 		
0x0013	0x1D03      	BTFSS      STATUS, 2
;__Lib_System.c,40 :: 		
0x0014	0x280A      	GOTO       _CC2D_Loop1
;__Lib_System.c,42 :: 		
L_end___CC2DW:
0x0015	0x0008      	RETURN
; end of ___CC2DW
_main:
;Odev #1.c,1 :: 		void main()
;Odev #1.c,3 :: 		ADCON1 |= 0X0f;
0x0016	0x300F      	MOVLW      15
0x0017	0x1683      	BSF        STATUS, 5
0x0018	0x1303      	BCF        STATUS, 6
0x0019	0x049F      	IORWF      ADCON1, 1
;Odev #1.c,4 :: 		trisb = 0;
0x001A	0x0186      	CLRF       TRISB
;Odev #1.c,5 :: 		portb = 0;
0x001B	0x1283      	BCF        STATUS, 5
0x001C	0x0186      	CLRF       PORTB
;Odev #1.c,6 :: 		while(0 == 0)
L_main0:
;Odev #1.c,8 :: 		portb.b7 = 1;
0x001D	0x1786      	BSF        PORTB, 7
;Odev #1.c,9 :: 		delay_ms(500);
0x001E	0x300D      	MOVLW      13
0x001F	0x00FB      	MOVWF      R11
0x0020	0x30AF      	MOVLW      175
0x0021	0x00FC      	MOVWF      R12
0x0022	0x30B6      	MOVLW      182
0x0023	0x00FD      	MOVWF      R13
L_main2:
0x0024	0x0BFD      	DECFSZ     R13, 1
0x0025	0x2824      	GOTO       L_main2
0x0026	0x0BFC      	DECFSZ     R12, 1
0x0027	0x2824      	GOTO       L_main2
0x0028	0x0BFB      	DECFSZ     R11, 1
0x0029	0x2824      	GOTO       L_main2
0x002A	0x0000      	NOP
;Odev #1.c,10 :: 		portb.b7 = 0;
0x002B	0x1386      	BCF        PORTB, 7
;Odev #1.c,11 :: 		portb.b6 = 1;
0x002C	0x1706      	BSF        PORTB, 6
;Odev #1.c,12 :: 		delay_ms(500);
0x002D	0x300D      	MOVLW      13
0x002E	0x00FB      	MOVWF      R11
0x002F	0x30AF      	MOVLW      175
0x0030	0x00FC      	MOVWF      R12
0x0031	0x30B6      	MOVLW      182
0x0032	0x00FD      	MOVWF      R13
L_main3:
0x0033	0x0BFD      	DECFSZ     R13, 1
0x0034	0x2833      	GOTO       L_main3
0x0035	0x0BFC      	DECFSZ     R12, 1
0x0036	0x2833      	GOTO       L_main3
0x0037	0x0BFB      	DECFSZ     R11, 1
0x0038	0x2833      	GOTO       L_main3
0x0039	0x0000      	NOP
;Odev #1.c,13 :: 		portb.b6 = 0;
0x003A	0x1306      	BCF        PORTB, 6
;Odev #1.c,14 :: 		portb.b5 = 1;
0x003B	0x1686      	BSF        PORTB, 5
;Odev #1.c,15 :: 		delay_ms(500);
0x003C	0x300D      	MOVLW      13
0x003D	0x00FB      	MOVWF      R11
0x003E	0x30AF      	MOVLW      175
0x003F	0x00FC      	MOVWF      R12
0x0040	0x30B6      	MOVLW      182
0x0041	0x00FD      	MOVWF      R13
L_main4:
0x0042	0x0BFD      	DECFSZ     R13, 1
0x0043	0x2842      	GOTO       L_main4
0x0044	0x0BFC      	DECFSZ     R12, 1
0x0045	0x2842      	GOTO       L_main4
0x0046	0x0BFB      	DECFSZ     R11, 1
0x0047	0x2842      	GOTO       L_main4
0x0048	0x0000      	NOP
;Odev #1.c,16 :: 		portb.b5 = 0;
0x0049	0x1286      	BCF        PORTB, 5
;Odev #1.c,17 :: 		portb.b4 = 1;
0x004A	0x1606      	BSF        PORTB, 4
;Odev #1.c,18 :: 		delay_ms(500);
0x004B	0x300D      	MOVLW      13
0x004C	0x00FB      	MOVWF      R11
0x004D	0x30AF      	MOVLW      175
0x004E	0x00FC      	MOVWF      R12
0x004F	0x30B6      	MOVLW      182
0x0050	0x00FD      	MOVWF      R13
L_main5:
0x0051	0x0BFD      	DECFSZ     R13, 1
0x0052	0x2851      	GOTO       L_main5
0x0053	0x0BFC      	DECFSZ     R12, 1
0x0054	0x2851      	GOTO       L_main5
0x0055	0x0BFB      	DECFSZ     R11, 1
0x0056	0x2851      	GOTO       L_main5
0x0057	0x0000      	NOP
;Odev #1.c,19 :: 		portb.b4 = 0;
0x0058	0x1206      	BCF        PORTB, 4
;Odev #1.c,20 :: 		portb.b3 = 1;
0x0059	0x1586      	BSF        PORTB, 3
;Odev #1.c,21 :: 		delay_ms(500);
0x005A	0x300D      	MOVLW      13
0x005B	0x00FB      	MOVWF      R11
0x005C	0x30AF      	MOVLW      175
0x005D	0x00FC      	MOVWF      R12
0x005E	0x30B6      	MOVLW      182
0x005F	0x00FD      	MOVWF      R13
L_main6:
0x0060	0x0BFD      	DECFSZ     R13, 1
0x0061	0x2860      	GOTO       L_main6
0x0062	0x0BFC      	DECFSZ     R12, 1
0x0063	0x2860      	GOTO       L_main6
0x0064	0x0BFB      	DECFSZ     R11, 1
0x0065	0x2860      	GOTO       L_main6
0x0066	0x0000      	NOP
;Odev #1.c,22 :: 		portb.b3 = 0;
0x0067	0x1186      	BCF        PORTB, 3
;Odev #1.c,23 :: 		portb.b2 = 1;
0x0068	0x1506      	BSF        PORTB, 2
;Odev #1.c,24 :: 		delay_ms(500);
0x0069	0x300D      	MOVLW      13
0x006A	0x00FB      	MOVWF      R11
0x006B	0x30AF      	MOVLW      175
0x006C	0x00FC      	MOVWF      R12
0x006D	0x30B6      	MOVLW      182
0x006E	0x00FD      	MOVWF      R13
L_main7:
0x006F	0x0BFD      	DECFSZ     R13, 1
0x0070	0x286F      	GOTO       L_main7
0x0071	0x0BFC      	DECFSZ     R12, 1
0x0072	0x286F      	GOTO       L_main7
0x0073	0x0BFB      	DECFSZ     R11, 1
0x0074	0x286F      	GOTO       L_main7
0x0075	0x0000      	NOP
;Odev #1.c,25 :: 		portb.b2 = 0;
0x0076	0x1106      	BCF        PORTB, 2
;Odev #1.c,26 :: 		portb.b1 = 1;
0x0077	0x1486      	BSF        PORTB, 1
;Odev #1.c,27 :: 		delay_ms(500);
0x0078	0x300D      	MOVLW      13
0x0079	0x00FB      	MOVWF      R11
0x007A	0x30AF      	MOVLW      175
0x007B	0x00FC      	MOVWF      R12
0x007C	0x30B6      	MOVLW      182
0x007D	0x00FD      	MOVWF      R13
L_main8:
0x007E	0x0BFD      	DECFSZ     R13, 1
0x007F	0x287E      	GOTO       L_main8
0x0080	0x0BFC      	DECFSZ     R12, 1
0x0081	0x287E      	GOTO       L_main8
0x0082	0x0BFB      	DECFSZ     R11, 1
0x0083	0x287E      	GOTO       L_main8
0x0084	0x0000      	NOP
;Odev #1.c,28 :: 		portb.b1 = 0;
0x0085	0x1086      	BCF        PORTB, 1
;Odev #1.c,29 :: 		portb.b0 = 1;
0x0086	0x1406      	BSF        PORTB, 0
;Odev #1.c,30 :: 		delay_ms(500);
0x0087	0x300D      	MOVLW      13
0x0088	0x00FB      	MOVWF      R11
0x0089	0x30AF      	MOVLW      175
0x008A	0x00FC      	MOVWF      R12
0x008B	0x30B6      	MOVLW      182
0x008C	0x00FD      	MOVWF      R13
L_main9:
0x008D	0x0BFD      	DECFSZ     R13, 1
0x008E	0x288D      	GOTO       L_main9
0x008F	0x0BFC      	DECFSZ     R12, 1
0x0090	0x288D      	GOTO       L_main9
0x0091	0x0BFB      	DECFSZ     R11, 1
0x0092	0x288D      	GOTO       L_main9
0x0093	0x0000      	NOP
;Odev #1.c,31 :: 		portb.b0 = 0;
0x0094	0x1006      	BCF        PORTB, 0
;Odev #1.c,32 :: 		}
0x0095	0x281D      	GOTO       L_main0
;Odev #1.c,33 :: 		}
L_end_main:
0x0096	0x2896      	GOTO       $+0
; end of _main
Symbol List:
//** Routines locations **
//ADDRESS    SIZE    PROCEDURE
//----------------------------------------------
0x0003       [7]    _____DoICP
0x000A      [12]    ___CC2DW
0x0016     [129]    _main
//** Variables locations ** 
//ADDRESS    SIZE    VARIABLE
//----------------------------------------------
0x0000       [1]    INDF
0x0002       [1]    PCL
0x0003       [1]    STATUS
0x0004       [1]    FSR
0x0005       [1]    PORTA
0x0006       [1]    PORTB
0x0007       [1]    PORTC
0x0008       [1]    PORTD
0x0009       [1]    PORTE
0x000A       [1]    PCLATH
0x000B       [1]    INTCON
0x000C       [1]    PIR1
0x000D       [1]    PIR2
0x0010       [1]    T1CON
0x0012       [1]    T2CON
0x0014       [1]    SSPCON
0x0017       [1]    CCP1CON
0x0018       [1]    RCSTA
0x001D       [1]    CCP2CON
0x001F       [1]    ADCON0
0x0020       [2]    ___DoICPAddr
0x0070       [1]    R0
0x0071       [1]    R1
0x0072       [1]    R2
0x0073       [1]    R3
0x0074       [1]    R4
0x0075       [1]    R5
0x0076       [1]    R6
0x0077       [1]    R7
0x0078       [1]    R8
0x0079       [1]    R9
0x007A       [1]    R10
0x007B       [1]    R11
0x007C       [1]    R12
0x007D       [1]    R13
0x007E       [1]    R14
0x007F       [1]    R15
0x0081       [1]    OPTION_REG
0x0085       [1]    TRISA
0x0086       [1]    TRISB
0x0087       [1]    TRISC
0x0088       [1]    TRISD
0x0089       [1]    TRISE
0x008C       [1]    PIE1
0x008D       [1]    PIE2
0x008E       [1]    PCON
0x0091       [1]    SSPCON2
0x0094       [1]    SSPSTAT
0x0098       [1]    TXSTA
0x009C       [1]    CMCON
0x009D       [1]    CVRCON
0x009F       [1]    ADCON1
0x018C       [1]    EECON1
//** Label List: ** 
//----------------------------------------------
  L_main0
  L_main1
  L_main2
  L_main3
  L_main4
  L_main5
  L_main6
  L_main7
  L_main8
  L_main9
  L_end_main
  _main
  L_end_P16F877A___?ag
  P16F877A____?ag
  _CC2D_Loop1
  L_end_____DoICP
  _____DoICP
  L_end_____DoIFC
  _____DoIFC
  L_end___CC2DW
  ___CC2DW
  L_end_Swap
  _Swap
